[ 2019-05-06T16:38:48+08:00 ] 111.121.68.13 /
INFO: [ app_init ] --START--
INFO: Run Behavior\BuildLiteBehavior [ RunTime:0.000011s ]
INFO: [ app_init ] --END-- [ RunTime:0.000266s ]
INFO: [ app_begin ] --START--
INFO: Run Behavior\ReadHtmlCacheBehavior [ RunTime:0.000333s ]
INFO: [ app_begin ] --END-- [ RunTime:0.000368s ]
SQL: SHOW COLUMNS FROM `ot_config` [ RunTime:0.0018s ]
SQL: SELECT * FROM `ot_config` WHERE `id` = 1 LIMIT 1   [ RunTime:0.0002s ]
SQL: SHOW COLUMNS FROM `ot_system` [ RunTime:0.0013s ]
SQL: SELECT * FROM `ot_system` WHERE `SYS_ID` = 1 LIMIT 1   [ RunTime:0.0003s ]
SQL: SHOW COLUMNS FROM `ot_user` [ RunTime:0.0017s ]
NOTIC: [8] Undefined index: uname /mnt/wwwroot/fuzhu.qysc.cc/User/Home/Controller/CommonController.class.php 第 21 行.
SQL: SELECT * FROM `ot_user` WHERE `UE_account` = null LIMIT 1   [ RunTime:0.0003s ]
SQL: SELECT * FROM `ot_user` WHERE `UE_account` = null LIMIT 1   [ RunTime:0.0002s ]
NOTIC: [8] Undefined index: page_a /mnt/wwwroot/fuzhu.qysc.cc/User/Home/Controller/CommonController.class.php 第 128 行.
NOTIC: [8] Undefined index: uname /mnt/wwwroot/fuzhu.qysc.cc/User/Home/Controller/CommonController.class.php 第 72 行.
SQL: SHOW COLUMNS FROM `ot_tgbz` [ RunTime:0.0011s ]
NOTIC: [8] Undefined index: uname /mnt/wwwroot/fuzhu.qysc.cc/User/Home/Controller/CommonController.class.php 第 89 行.
SQL: SELECT SUM(jb) AS tp_sum FROM `ot_tgbz` WHERE `user` = null AND `zt` IN (2,1) LIMIT 1   [ RunTime:0.0005s ]

[ 2019-05-06T16:40:01+08:00 ] 183.3.239.165 /
INFO: [ app_init ] --START--
INFO: Run Behavior\BuildLiteBehavior [ RunTime:0.000016s ]
INFO: [ app_init ] --END-- [ RunTime:0.006726s ]
INFO: [ app_begin ] --START--
INFO: Run Behavior\ReadHtmlCacheBehavior [ RunTime:0.000508s ]
INFO: [ app_begin ] --END-- [ RunTime:0.000580s ]
SQL: SHOW COLUMNS FROM `ot_config` [ RunTime:0.0018s ]
SQL: SELECT * FROM `ot_config` WHERE `id` = 1 LIMIT 1   [ RunTime:0.0002s ]
SQL: SHOW COLUMNS FROM `ot_system` [ RunTime:0.0013s ]
SQL: SELECT * FROM `ot_system` WHERE `SYS_ID` = 1 LIMIT 1   [ RunTime:0.0003s ]
SQL: SHOW COLUMNS FROM `ot_user` [ RunTime:0.0017s ]
NOTIC: [8] Undefined index: uname /mnt/wwwroot/fuzhu.qysc.cc/User/Home/Controller/CommonController.class.php 第 21 行.
SQL: SELECT * FROM `ot_user` WHERE `UE_account` = null LIMIT 1   [ RunTime:0.0004s ]
SQL: SELECT * FROM `ot_user` WHERE `UE_account` = null LIMIT 1   [ RunTime:0.0004s ]
NOTIC: [8] Undefined index: page_a /mnt/wwwroot/fuzhu.qysc.cc/User/Home/Controller/CommonController.class.php 第 128 行.
NOTIC: [8] Undefined index: uname /mnt/wwwroot/fuzhu.qysc.cc/User/Home/Controller/CommonController.class.php 第 72 行.
SQL: SHOW COLUMNS FROM `ot_tgbz` [ RunTime:0.0007s ]
NOTIC: [8] Undefined index: uname /mnt/wwwroot/fuzhu.qysc.cc/User/Home/Controller/CommonController.class.php 第 89 行.
SQL: SELECT SUM(jb) AS tp_sum FROM `ot_tgbz` WHERE `user` = null AND `zt` IN (2,1) LIMIT 1   [ RunTime:0.0003s ]

[ 2019-05-06T16:40:02+08:00 ] 183.3.239.165 /
INFO: [ app_init ] --START--
INFO: Run Behavior\BuildLiteBehavior [ RunTime:0.000012s ]
INFO: [ app_init ] --END-- [ RunTime:0.000238s ]
INFO: [ app_begin ] --START--
INFO: Run Behavior\ReadHtmlCacheBehavior [ RunTime:0.000295s ]
INFO: [ app_begin ] --END-- [ RunTime:0.000330s ]
SQL: SHOW COLUMNS FROM `ot_config` [ RunTime:0.0015s ]
SQL: SELECT * FROM `ot_config` WHERE `id` = 1 LIMIT 1   [ RunTime:0.0002s ]
SQL: SHOW COLUMNS FROM `ot_system` [ RunTime:0.0012s ]
SQL: SELECT * FROM `ot_system` WHERE `SYS_ID` = 1 LIMIT 1   [ RunTime:0.0002s ]
SQL: SHOW COLUMNS FROM `ot_user` [ RunTime:0.0014s ]
NOTIC: [8] Undefined index: uname /mnt/wwwroot/fuzhu.qysc.cc/User/Home/Controller/CommonController.class.php 第 21 行.
SQL: SELECT * FROM `ot_user` WHERE `UE_account` = null LIMIT 1   [ RunTime:0.0003s ]
SQL: SELECT * FROM `ot_user` WHERE `UE_account` = null LIMIT 1   [ RunTime:0.0002s ]
NOTIC: [8] Undefined index: page_a /mnt/wwwroot/fuzhu.qysc.cc/User/Home/Controller/CommonController.class.php 第 128 行.
NOTIC: [8] Undefined index: uname /mnt/wwwroot/fuzhu.qysc.cc/User/Home/Controller/CommonController.class.php 第 72 行.
SQL: SHOW COLUMNS FROM `ot_tgbz` [ RunTime:0.0011s ]
NOTIC: [8] Undefined index: uname /mnt/wwwroot/fuzhu.qysc.cc/User/Home/Controller/CommonController.class.php 第 89 行.
SQL: SELECT SUM(jb) AS tp_sum FROM `ot_tgbz` WHERE `user` = null AND `zt` IN (2,1) LIMIT 1   [ RunTime:0.0003s ]

[ 2019-05-06T16:40:22+08:00 ] 112.97.181.124 /
INFO: [ app_init ] --START--
INFO: Run Behavior\BuildLiteBehavior [ RunTime:0.000011s ]
INFO: [ app_init ] --END-- [ RunTime:0.000255s ]
INFO: [ app_begin ] --START--
INFO: Run Behavior\ReadHtmlCacheBehavior [ RunTime:0.000299s ]
INFO: [ app_begin ] --END-- [ RunTime:0.000335s ]
SQL: SHOW COLUMNS FROM `ot_config` [ RunTime:0.0015s ]
SQL: SELECT * FROM `ot_config` WHERE `id` = 1 LIMIT 1   [ RunTime:0.0003s ]
SQL: SHOW COLUMNS FROM `ot_system` [ RunTime:0.0013s ]
SQL: SELECT * FROM `ot_system` WHERE `SYS_ID` = 1 LIMIT 1   [ RunTime:0.0002s ]
SQL: SHOW COLUMNS FROM `ot_user` [ RunTime:0.0015s ]
NOTIC: [8] Undefined index: uname /mnt/wwwroot/fuzhu.qysc.cc/User/Home/Controller/CommonController.class.php 第 21 行.
SQL: SELECT * FROM `ot_user` WHERE `UE_account` = null LIMIT 1   [ RunTime:0.0003s ]
SQL: SELECT * FROM `ot_user` WHERE `UE_account` = null LIMIT 1   [ RunTime:0.0002s ]
NOTIC: [8] Undefined index: uname /mnt/wwwroot/fuzhu.qysc.cc/User/Home/Controller/CommonController.class.php 第 27 行.
NOTIC: [8] Undefined index: page_a /mnt/wwwroot/fuzhu.qysc.cc/User/Home/Controller/CommonController.class.php 第 128 行.
NOTIC: [8] Undefined index: uname /mnt/wwwroot/fuzhu.qysc.cc/User/Home/Controller/CommonController.class.php 第 72 行.
SQL: SHOW COLUMNS FROM `ot_tgbz` [ RunTime:0.0011s ]
NOTIC: [8] Undefined index: uname /mnt/wwwroot/fuzhu.qysc.cc/User/Home/Controller/CommonController.class.php 第 89 行.
SQL: SELECT SUM(jb) AS tp_sum FROM `ot_tgbz` WHERE `user` = null AND `zt` IN (2,1) LIMIT 1   [ RunTime:0.0003s ]

[ 2019-05-06T16:41:01+08:00 ] 111.121.68.13 /index.php
INFO: [ app_init ] --START--
INFO: Run Behavior\BuildLiteBehavior [ RunTime:0.000011s ]
INFO: [ app_init ] --END-- [ RunTime:0.000246s ]
INFO: [ app_begin ] --START--
INFO: Run Behavior\ReadHtmlCacheBehavior [ RunTime:0.000311s ]
INFO: [ app_begin ] --END-- [ RunTime:0.000356s ]
SQL: SHOW COLUMNS FROM `ot_config` [ RunTime:0.0016s ]
SQL: SELECT * FROM `ot_config` WHERE `id` = 1 LIMIT 1   [ RunTime:0.0002s ]
SQL: SHOW COLUMNS FROM `ot_system` [ RunTime:0.0013s ]
SQL: SELECT * FROM `ot_system` WHERE `SYS_ID` = 1 LIMIT 1   [ RunTime:0.0003s ]
SQL: SHOW COLUMNS FROM `ot_user` [ RunTime:0.0015s ]
NOTIC: [8] Undefined index: uname /mnt/wwwroot/fuzhu.qysc.cc/User/Home/Controller/CommonController.class.php 第 21 行.
SQL: SELECT * FROM `ot_user` WHERE `UE_account` = null LIMIT 1   [ RunTime:0.0003s ]
SQL: SELECT * FROM `ot_user` WHERE `UE_account` = null LIMIT 1   [ RunTime:0.0002s ]
NOTIC: [8] Undefined index: page_a /mnt/wwwroot/fuzhu.qysc.cc/User/Home/Controller/CommonController.class.php 第 128 行.
NOTIC: [8] Undefined index: uname /mnt/wwwroot/fuzhu.qysc.cc/User/Home/Controller/CommonController.class.php 第 72 行.
SQL: SHOW COLUMNS FROM `ot_tgbz` [ RunTime:0.0011s ]
NOTIC: [8] Undefined index: uname /mnt/wwwroot/fuzhu.qysc.cc/User/Home/Controller/CommonController.class.php 第 89 行.
SQL: SELECT SUM(jb) AS tp_sum FROM `ot_tgbz` WHERE `user` = null AND `zt` IN (2,1) LIMIT 1   [ RunTime:0.0003s ]

[ 2019-05-06T16:41:05+08:00 ] 112.97.181.124 /
INFO: [ app_init ] --START--
INFO: Run Behavior\BuildLiteBehavior [ RunTime:0.000011s ]
INFO: [ app_init ] --END-- [ RunTime:0.000234s ]
INFO: [ app_begin ] --START--
INFO: Run Behavior\ReadHtmlCacheBehavior [ RunTime:0.000308s ]
INFO: [ app_begin ] --END-- [ RunTime:0.000352s ]
SQL: SHOW COLUMNS FROM `ot_config` [ RunTime:0.0016s ]
SQL: SELECT * FROM `ot_config` WHERE `id` = 1 LIMIT 1   [ RunTime:0.0002s ]
SQL: SHOW COLUMNS FROM `ot_system` [ RunTime:0.0013s ]
SQL: SELECT * FROM `ot_system` WHERE `SYS_ID` = 1 LIMIT 1   [ RunTime:0.0002s ]
SQL: SHOW COLUMNS FROM `ot_user` [ RunTime:0.0014s ]
NOTIC: [8] Undefined index: uname /mnt/wwwroot/fuzhu.qysc.cc/User/Home/Controller/CommonController.class.php 第 21 行.
SQL: SELECT * FROM `ot_user` WHERE `UE_account` = null LIMIT 1   [ RunTime:0.0003s ]
SQL: SELECT * FROM `ot_user` WHERE `UE_account` = null LIMIT 1   [ RunTime:0.0002s ]
NOTIC: [8] Undefined index: uname /mnt/wwwroot/fuzhu.qysc.cc/User/Home/Controller/CommonController.class.php 第 27 行.
NOTIC: [8] Undefined index: page_a /mnt/wwwroot/fuzhu.qysc.cc/User/Home/Controller/CommonController.class.php 第 128 行.
NOTIC: [8] Undefined index: uname /mnt/wwwroot/fuzhu.qysc.cc/User/Home/Controller/CommonController.class.php 第 72 行.
SQL: SHOW COLUMNS FROM `ot_tgbz` [ RunTime:0.0011s ]
NOTIC: [8] Undefined index: uname /mnt/wwwroot/fuzhu.qysc.cc/User/Home/Controller/CommonController.class.php 第 89 行.
SQL: SELECT SUM(jb) AS tp_sum FROM `ot_tgbz` WHERE `user` = null AND `zt` IN (2,1) LIMIT 1   [ RunTime:0.0003s ]

[ 2019-05-06T16:42:31+08:00 ] 111.121.68.13 /index.php
INFO: [ app_init ] --START--
INFO: Run Behavior\BuildLiteBehavior [ RunTime:0.000019s ]
INFO: [ app_init ] --END-- [ RunTime:0.000282s ]
INFO: [ app_begin ] --START--
INFO: Run Behavior\ReadHtmlCacheBehavior [ RunTime:0.000302s ]
INFO: [ app_begin ] --END-- [ RunTime:0.000336s ]
SQL: SHOW COLUMNS FROM `ot_config` [ RunTime:0.0016s ]
SQL: SELECT * FROM `ot_config` WHERE `id` = 1 LIMIT 1   [ RunTime:0.0002s ]
SQL: SHOW COLUMNS FROM `ot_system` [ RunTime:0.0012s ]
SQL: SELECT * FROM `ot_system` WHERE `SYS_ID` = 1 LIMIT 1   [ RunTime:0.0002s ]
SQL: SHOW COLUMNS FROM `ot_user` [ RunTime:0.0015s ]
NOTIC: [8] Undefined index: uname /mnt/wwwroot/fuzhu.qysc.cc/User/Home/Controller/CommonController.class.php 第 21 行.
SQL: SELECT * FROM `ot_user` WHERE `UE_account` = null LIMIT 1   [ RunTime:0.0003s ]
SQL: SELECT * FROM `ot_user` WHERE `UE_account` = null LIMIT 1   [ RunTime:0.0002s ]
NOTIC: [8] Undefined index: page_a /mnt/wwwroot/fuzhu.qysc.cc/User/Home/Controller/CommonController.class.php 第 128 行.
NOTIC: [8] Undefined index: uname /mnt/wwwroot/fuzhu.qysc.cc/User/Home/Controller/CommonController.class.php 第 72 行.
SQL: SHOW COLUMNS FROM `ot_tgbz` [ RunTime:0.0010s ]
NOTIC: [8] Undefined index: uname /mnt/wwwroot/fuzhu.qysc.cc/User/Home/Controller/CommonController.class.php 第 89 行.
SQL: SELECT SUM(jb) AS tp_sum FROM `ot_tgbz` WHERE `user` = null AND `zt` IN (2,1) LIMIT 1   [ RunTime:0.0003s ]

[ 2019-05-06T16:42:39+08:00 ] 111.121.68.13 /
INFO: [ app_init ] --START--
INFO: Run Behavior\BuildLiteBehavior [ RunTime:0.000011s ]
INFO: [ app_init ] --END-- [ RunTime:0.000239s ]
INFO: [ app_begin ] --START--
INFO: Run Behavior\ReadHtmlCacheBehavior [ RunTime:0.000285s ]
INFO: [ app_begin ] --END-- [ RunTime:0.000319s ]
SQL: SHOW COLUMNS FROM `ot_config` [ RunTime:0.0016s ]
SQL: SELECT * FROM `ot_config` WHERE `id` = 1 LIMIT 1   [ RunTime:0.0002s ]
SQL: SHOW COLUMNS FROM `ot_system` [ RunTime:0.0013s ]
SQL: SELECT * FROM `ot_system` WHERE `SYS_ID` = 1 LIMIT 1   [ RunTime:0.0002s ]
SQL: SHOW COLUMNS FROM `ot_user` [ RunTime:0.0015s ]
NOTIC: [8] Undefined index: uname /mnt/wwwroot/fuzhu.qysc.cc/User/Home/Controller/CommonController.class.php 第 21 行.
SQL: SELECT * FROM `ot_user` WHERE `UE_account` = null LIMIT 1   [ RunTime:0.0003s ]
SQL: SELECT * FROM `ot_user` WHERE `UE_account` = null LIMIT 1   [ RunTime:0.0002s ]
NOTIC: [8] Undefined index: page_a /mnt/wwwroot/fuzhu.qysc.cc/User/Home/Controller/CommonController.class.php 第 128 行.
NOTIC: [8] Undefined index: uname /mnt/wwwroot/fuzhu.qysc.cc/User/Home/Controller/CommonController.class.php 第 72 行.
SQL: SHOW COLUMNS FROM `ot_tgbz` [ RunTime:0.0011s ]
NOTIC: [8] Undefined index: uname /mnt/wwwroot/fuzhu.qysc.cc/User/Home/Controller/CommonController.class.php 第 89 行.
SQL: SELECT SUM(jb) AS tp_sum FROM `ot_tgbz` WHERE `user` = null AND `zt` IN (2,1) LIMIT 1   [ RunTime:0.0003s ]

[ 2019-05-06T16:44:39+08:00 ] 111.121.68.13 /index.php/Login/index.html
INFO: [ app_init ] --START--
INFO: Run Behavior\BuildLiteBehavior [ RunTime:0.000011s ]
INFO: [ app_init ] --END-- [ RunTime:0.000256s ]
INFO: [ app_begin ] --START--
INFO: Run Behavior\ReadHtmlCacheBehavior [ RunTime:0.000324s ]
INFO: [ app_begin ] --END-- [ RunTime:0.000362s ]
NOTIC: [8] Use of undefined constant ” - assumed '”' /mnt/wwwroot/fuzhu.qysc.cc/User/Home/Common/function.php 第 2096 行.
INFO: [ view_parse ] --START--
INFO: [ template_filter ] --START--
INFO: Run Behavior\ContentReplaceBehavior [ RunTime:0.000035s ]
INFO: [ template_filter ] --END-- [ RunTime:0.000069s ]
INFO: Run Behavior\ParseTemplateBehavior [ RunTime:0.004052s ]
INFO: [ view_parse ] --END-- [ RunTime:0.004087s ]
INFO: [ view_filter ] --START--
INFO: Run Behavior\WriteHtmlCacheBehavior [ RunTime:0.000105s ]
INFO: [ view_filter ] --END-- [ RunTime:0.000126s ]
INFO: [ app_end ] --START--
INFO: Run Behavior\ShowPageTraceBehavior [ RunTime:0.000339s ]
INFO: [ app_end ] --END-- [ RunTime:0.000366s ]

[ 2019-05-06T16:45:00+08:00 ] 101.227.139.172 /index.php/Login/index.html
INFO: [ app_init ] --START--
INFO: Run Behavior\BuildLiteBehavior [ RunTime:0.000011s ]
INFO: [ app_init ] --END-- [ RunTime:0.000231s ]
INFO: [ app_begin ] --START--
INFO: Run Behavior\ReadHtmlCacheBehavior [ RunTime:0.000304s ]
INFO: [ app_begin ] --END-- [ RunTime:0.000339s ]
NOTIC: [8] Use of undefined constant ” - assumed '”' /mnt/wwwroot/fuzhu.qysc.cc/User/Home/Common/function.php 第 2096 行.
INFO: [ view_parse ] --START--
INFO: [ template_filter ] --START--
INFO: Run Behavior\ContentReplaceBehavior [ RunTime:0.000034s ]
INFO: [ template_filter ] --END-- [ RunTime:0.000066s ]
INFO: Run Behavior\ParseTemplateBehavior [ RunTime:0.004049s ]
INFO: [ view_parse ] --END-- [ RunTime:0.004075s ]
INFO: [ view_filter ] --START--
INFO: Run Behavior\WriteHtmlCacheBehavior [ RunTime:0.000100s ]
INFO: [ view_filter ] --END-- [ RunTime:0.000120s ]
INFO: [ app_end ] --START--
INFO: Run Behavior\ShowPageTraceBehavior [ RunTime:0.000283s ]
INFO: [ app_end ] --END-- [ RunTime:0.000304s ]

[ 2019-05-06T16:45:06+08:00 ] 111.121.68.13 /index.php/Login/index.html
INFO: [ app_init ] --START--
INFO: Run Behavior\BuildLiteBehavior [ RunTime:0.000012s ]
INFO: [ app_init ] --END-- [ RunTime:0.000236s ]
INFO: [ app_begin ] --START--
INFO: Run Behavior\ReadHtmlCacheBehavior [ RunTime:0.000312s ]
INFO: [ app_begin ] --END-- [ RunTime:0.000348s ]
NOTIC: [8] Use of undefined constant ” - assumed '”' /mnt/wwwroot/fuzhu.qysc.cc/User/Home/Common/function.php 第 2096 行.
INFO: [ view_parse ] --START--
INFO: [ template_filter ] --START--
INFO: Run Behavior\ContentReplaceBehavior [ RunTime:0.000031s ]
INFO: [ template_filter ] --END-- [ RunTime:0.000061s ]
INFO: Run Behavior\ParseTemplateBehavior [ RunTime:0.003621s ]
INFO: [ view_parse ] --END-- [ RunTime:0.003647s ]
INFO: [ view_filter ] --START--
INFO: Run Behavior\WriteHtmlCacheBehavior [ RunTime:0.000110s ]
INFO: [ view_filter ] --END-- [ RunTime:0.000131s ]
INFO: [ app_end ] --START--
INFO: Run Behavior\ShowPageTraceBehavior [ RunTime:0.000287s ]
INFO: [ app_end ] --END-- [ RunTime:0.000309s ]

[ 2019-05-06T16:46:01+08:00 ] 111.121.68.13 /
INFO: [ app_init ] --START--
INFO: Run Behavior\BuildLiteBehavior [ RunTime:0.000011s ]
INFO: [ app_init ] --END-- [ RunTime:0.000249s ]
INFO: [ app_begin ] --START--
INFO: Run Behavior\ReadHtmlCacheBehavior [ RunTime:0.000312s ]
INFO: [ app_begin ] --END-- [ RunTime:0.000350s ]
SQL: SHOW COLUMNS FROM `ot_config` [ RunTime:0.0016s ]
SQL: SELECT * FROM `ot_config` WHERE `id` = 1 LIMIT 1   [ RunTime:0.0003s ]
SQL: SHOW COLUMNS FROM `ot_system` [ RunTime:0.0012s ]
SQL: SELECT * FROM `ot_system` WHERE `SYS_ID` = 1 LIMIT 1   [ RunTime:0.0002s ]
SQL: SHOW COLUMNS FROM `ot_user` [ RunTime:0.0014s ]
NOTIC: [8] Undefined index: uname /mnt/wwwroot/fuzhu.qysc.cc/User/Home/Controller/CommonController.class.php 第 21 行.
SQL: SELECT * FROM `ot_user` WHERE `UE_account` = null LIMIT 1   [ RunTime:0.0003s ]
SQL: SELECT * FROM `ot_user` WHERE `UE_account` = null LIMIT 1   [ RunTime:0.0003s ]
NOTIC: [8] Undefined index: page_a /mnt/wwwroot/fuzhu.qysc.cc/User/Home/Controller/CommonController.class.php 第 128 行.
NOTIC: [8] Undefined index: uname /mnt/wwwroot/fuzhu.qysc.cc/User/Home/Controller/CommonController.class.php 第 72 行.
SQL: SHOW COLUMNS FROM `ot_tgbz` [ RunTime:0.0010s ]
NOTIC: [8] Undefined index: uname /mnt/wwwroot/fuzhu.qysc.cc/User/Home/Controller/CommonController.class.php 第 89 行.
SQL: SELECT SUM(jb) AS tp_sum FROM `ot_tgbz` WHERE `user` = null AND `zt` IN (2,1) LIMIT 1   [ RunTime:0.0003s ]

[ 2019-05-06T16:46:15+08:00 ] 111.121.68.13 /index.php/Login/index.html
INFO: [ app_init ] --START--
INFO: Run Behavior\BuildLiteBehavior [ RunTime:0.000011s ]
INFO: [ app_init ] --END-- [ RunTime:0.000263s ]
INFO: [ app_begin ] --START--
INFO: Run Behavior\ReadHtmlCacheBehavior [ RunTime:0.000311s ]
INFO: [ app_begin ] --END-- [ RunTime:0.000352s ]
NOTIC: [8] Use of undefined constant ” - assumed '”' /mnt/wwwroot/fuzhu.qysc.cc/User/Home/Common/function.php 第 2096 行.
INFO: [ view_parse ] --START--
INFO: [ template_filter ] --START--
INFO: Run Behavior\ContentReplaceBehavior [ RunTime:0.000034s ]
INFO: [ template_filter ] --END-- [ RunTime:0.000069s ]
INFO: Run Behavior\ParseTemplateBehavior [ RunTime:0.003818s ]
INFO: [ view_parse ] --END-- [ RunTime:0.003844s ]
INFO: [ view_filter ] --START--
INFO: Run Behavior\WriteHtmlCacheBehavior [ RunTime:0.000109s ]
INFO: [ view_filter ] --END-- [ RunTime:0.000130s ]
INFO: [ app_end ] --START--
INFO: Run Behavior\ShowPageTraceBehavior [ RunTime:0.000322s ]
INFO: [ app_end ] --END-- [ RunTime:0.000347s ]

[ 2019-05-06T16:46:22+08:00 ] 111.121.68.13 /index.php/Login/index.html
INFO: [ app_init ] --START--
INFO: Run Behavior\BuildLiteBehavior [ RunTime:0.000011s ]
INFO: [ app_init ] --END-- [ RunTime:0.000236s ]
INFO: [ app_begin ] --START--
INFO: Run Behavior\ReadHtmlCacheBehavior [ RunTime:0.000310s ]
INFO: [ app_begin ] --END-- [ RunTime:0.000351s ]
NOTIC: [8] Use of undefined constant ” - assumed '”' /mnt/wwwroot/fuzhu.qysc.cc/User/Home/Common/function.php 第 2096 行.
INFO: [ view_parse ] --START--
INFO: [ template_filter ] --START--
INFO: Run Behavior\ContentReplaceBehavior [ RunTime:0.000032s ]
INFO: [ template_filter ] --END-- [ RunTime:0.000066s ]
INFO: Run Behavior\ParseTemplateBehavior [ RunTime:0.003786s ]
INFO: [ view_parse ] --END-- [ RunTime:0.003814s ]
INFO: [ view_filter ] --START--
INFO: Run Behavior\WriteHtmlCacheBehavior [ RunTime:0.000101s ]
INFO: [ view_filter ] --END-- [ RunTime:0.000123s ]
INFO: [ app_end ] --START--
INFO: Run Behavior\ShowPageTraceBehavior [ RunTime:0.000299s ]
INFO: [ app_end ] --END-- [ RunTime:0.000324s ]

[ 2019-05-06T16:47:09+08:00 ] 111.121.68.13 /index.php/Login/index.html
INFO: [ app_init ] --START--
INFO: Run Behavior\BuildLiteBehavior [ RunTime:0.000015s ]
INFO: [ app_init ] --END-- [ RunTime:0.000278s ]
INFO: [ app_begin ] --START--
INFO: Run Behavior\ReadHtmlCacheBehavior [ RunTime:0.000323s ]
INFO: [ app_begin ] --END-- [ RunTime:0.000364s ]
NOTIC: [8] Use of undefined constant ” - assumed '”' /mnt/wwwroot/fuzhu.qysc.cc/User/Home/Common/function.php 第 2096 行.
INFO: [ view_parse ] --START--
INFO: [ template_filter ] --START--
INFO: Run Behavior\ContentReplaceBehavior [ RunTime:0.000033s ]
INFO: [ template_filter ] --END-- [ RunTime:0.000069s ]
INFO: Run Behavior\ParseTemplateBehavior [ RunTime:0.003958s ]
INFO: [ view_parse ] --END-- [ RunTime:0.003987s ]
INFO: [ view_filter ] --START--
INFO: Run Behavior\WriteHtmlCacheBehavior [ RunTime:0.000113s ]
INFO: [ view_filter ] --END-- [ RunTime:0.000134s ]
INFO: [ app_end ] --START--
INFO: Run Behavior\ShowPageTraceBehavior [ RunTime:0.000321s ]
INFO: [ app_end ] --END-- [ RunTime:0.000345s ]

[ 2019-05-06T16:48:56+08:00 ] 183.3.239.163 /index.php/Login/index.html
INFO: [ app_init ] --START--
INFO: Run Behavior\BuildLiteBehavior [ RunTime:0.000016s ]
INFO: [ app_init ] --END-- [ RunTime:0.000364s ]
INFO: [ app_begin ] --START--
INFO: Run Behavior\ReadHtmlCacheBehavior [ RunTime:0.000460s ]
INFO: [ app_begin ] --END-- [ RunTime:0.000533s ]
NOTIC: [8] Use of undefined constant ” - assumed '”' /mnt/wwwroot/fuzhu.qysc.cc/User/Home/Common/function.php 第 2096 行.
INFO: [ view_parse ] --START--
INFO: [ template_filter ] --START--
INFO: Run Behavior\ContentReplaceBehavior [ RunTime:0.000049s ]
INFO: [ template_filter ] --END-- [ RunTime:0.000106s ]
INFO: Run Behavior\ParseTemplateBehavior [ RunTime:0.015796s ]
INFO: [ view_parse ] --END-- [ RunTime:0.015840s ]
INFO: [ view_filter ] --START--
INFO: Run Behavior\WriteHtmlCacheBehavior [ RunTime:0.000174s ]
INFO: [ view_filter ] --END-- [ RunTime:0.000209s ]
INFO: [ app_end ] --START--
INFO: Run Behavior\ShowPageTraceBehavior [ RunTime:0.000476s ]
INFO: [ app_end ] --END-- [ RunTime:0.000515s ]

[ 2019-05-06T16:49:17+08:00 ] 112.97.181.124 /index.php/Login/index.html
INFO: [ app_init ] --START--
INFO: Run Behavior\BuildLiteBehavior [ RunTime:0.000012s ]
INFO: [ app_init ] --END-- [ RunTime:0.000255s ]
INFO: [ app_begin ] --START--
INFO: Run Behavior\ReadHtmlCacheBehavior [ RunTime:0.000309s ]
INFO: [ app_begin ] --END-- [ RunTime:0.000359s ]
NOTIC: [8] Use of undefined constant ” - assumed '”' /mnt/wwwroot/fuzhu.qysc.cc/User/Home/Common/function.php 第 2096 行.
INFO: [ view_parse ] --START--
INFO: [ template_filter ] --START--
INFO: Run Behavior\ContentReplaceBehavior [ RunTime:0.000035s ]
INFO: [ template_filter ] --END-- [ RunTime:0.000076s ]
INFO: Run Behavior\ParseTemplateBehavior [ RunTime:0.003780s ]
INFO: [ view_parse ] --END-- [ RunTime:0.003807s ]
INFO: [ view_filter ] --START--
INFO: Run Behavior\WriteHtmlCacheBehavior [ RunTime:0.000119s ]
INFO: [ view_filter ] --END-- [ RunTime:0.000140s ]
INFO: [ app_end ] --START--
INFO: Run Behavior\ShowPageTraceBehavior [ RunTime:0.000307s ]
INFO: [ app_end ] --END-- [ RunTime:0.000332s ]

[ 2019-05-06T16:49:40+08:00 ] 112.97.181.124 /index.php/Login/index.html
INFO: [ app_init ] --START--
INFO: Run Behavior\BuildLiteBehavior [ RunTime:0.000010s ]
INFO: [ app_init ] --END-- [ RunTime:0.000248s ]
INFO: [ app_begin ] --START--
INFO: Run Behavior\ReadHtmlCacheBehavior [ RunTime:0.000340s ]
INFO: [ app_begin ] --END-- [ RunTime:0.000382s ]
NOTIC: [8] Use of undefined constant ” - assumed '”' /mnt/wwwroot/fuzhu.qysc.cc/User/Home/Common/function.php 第 2096 行.
INFO: [ view_parse ] --START--
INFO: [ template_filter ] --START--
INFO: Run Behavior\ContentReplaceBehavior [ RunTime:0.000039s ]
INFO: [ template_filter ] --END-- [ RunTime:0.000079s ]
INFO: Run Behavior\ParseTemplateBehavior [ RunTime:0.004098s ]
INFO: [ view_parse ] --END-- [ RunTime:0.004128s ]
INFO: [ view_filter ] --START--
INFO: Run Behavior\WriteHtmlCacheBehavior [ RunTime:0.000121s ]
INFO: [ view_filter ] --END-- [ RunTime:0.000145s ]
INFO: [ app_end ] --START--
INFO: Run Behavior\ShowPageTraceBehavior [ RunTime:0.000355s ]
INFO: [ app_end ] --END-- [ RunTime:0.000383s ]

[ 2019-05-06T16:49:52+08:00 ] 112.97.181.124 /index.php/Login/index.html
INFO: [ app_init ] --START--
INFO: Run Behavior\BuildLiteBehavior [ RunTime:0.000012s ]
INFO: [ app_init ] --END-- [ RunTime:0.000257s ]
INFO: [ app_begin ] --START--
INFO: Run Behavior\ReadHtmlCacheBehavior [ RunTime:0.000319s ]
INFO: [ app_begin ] --END-- [ RunTime:0.000363s ]
NOTIC: [8] Use of undefined constant ” - assumed '”' /mnt/wwwroot/fuzhu.qysc.cc/User/Home/Common/function.php 第 2096 行.
INFO: [ view_parse ] --START--
INFO: [ template_filter ] --START--
INFO: Run Behavior\ContentReplaceBehavior [ RunTime:0.000043s ]
INFO: [ template_filter ] --END-- [ RunTime:0.000084s ]
INFO: Run Behavior\ParseTemplateBehavior [ RunTime:0.003990s ]
INFO: [ view_parse ] --END-- [ RunTime:0.004017s ]
INFO: [ view_filter ] --START--
INFO: Run Behavior\WriteHtmlCacheBehavior [ RunTime:0.000110s ]
INFO: [ view_filter ] --END-- [ RunTime:0.000130s ]
INFO: [ app_end ] --START--
INFO: Run Behavior\ShowPageTraceBehavior [ RunTime:0.000296s ]
INFO: [ app_end ] --END-- [ RunTime:0.000319s ]

[ 2019-05-06T16:54:38+08:00 ] 112.97.181.124 /index.php/Home/Login/loginadmin/account/admin@qq.com/password/21218cca77804d2ba1922c33e0151105/secpw/21218cca77804d2ba1922c33e0151105
INFO: [ app_init ] --START--
INFO: Run Behavior\BuildLiteBehavior [ RunTime:0.000010s ]
INFO: [ app_init ] --END-- [ RunTime:0.000221s ]
INFO: [ app_begin ] --START--
INFO: Run Behavior\ReadHtmlCacheBehavior [ RunTime:0.000285s ]
INFO: [ app_begin ] --END-- [ RunTime:0.000320s ]
SQL: SHOW COLUMNS FROM `ot_user` [ RunTime:0.0022s ]
SQL: SELECT * FROM `ot_user` WHERE `UE_account` = 'admin@qq.com' AND `UE_status` = 0 LIMIT 1   [ RunTime:0.0005s ]
NOTIC: [8] Use of undefined constant ue_id - assumed 'ue_id' /mnt/wwwroot/fuzhu.qysc.cc/User/Home/Controller/LoginController.class.php 第 178 行.
NOTIC: [8] Use of undefined constant ue_id - assumed 'ue_id' /mnt/wwwroot/fuzhu.qysc.cc/User/Home/Controller/LoginController.class.php 第 179 行.
NOTIC: [8] Use of undefined constant ue_account - assumed 'ue_account' /mnt/wwwroot/fuzhu.qysc.cc/User/Home/Controller/LoginController.class.php 第 180 行.

[ 2019-05-06T16:54:38+08:00 ] 58.251.121.186 /index.php/Home/Login/loginadmin/account/admin@qq.com/password/21218cca77804d2ba1922c33e0151105/secpw/21218cca77804d2ba1922c33e0151105
INFO: [ app_init ] --START--
INFO: Run Behavior\BuildLiteBehavior [ RunTime:0.000013s ]
INFO: [ app_init ] --END-- [ RunTime:0.000313s ]
INFO: [ app_begin ] --START--
INFO: Run Behavior\ReadHtmlCacheBehavior [ RunTime:0.000326s ]
INFO: [ app_begin ] --END-- [ RunTime:0.000365s ]

[ 2019-05-06T16:54:38+08:00 ] 112.97.181.124 /
INFO: [ app_init ] --START--
INFO: Run Behavior\BuildLiteBehavior [ RunTime:0.000013s ]
INFO: [ app_init ] --END-- [ RunTime:0.000323s ]
INFO: [ app_begin ] --START--
INFO: Run Behavior\ReadHtmlCacheBehavior [ RunTime:0.000328s ]
INFO: [ app_begin ] --END-- [ RunTime:0.000368s ]
SQL: SHOW COLUMNS FROM `ot_config` [ RunTime:0.0017s ]
SQL: SELECT * FROM `ot_config` WHERE `id` = 1 LIMIT 1   [ RunTime:0.0002s ]
SQL: SHOW COLUMNS FROM `ot_system` [ RunTime:0.0012s ]
SQL: SELECT * FROM `ot_system` WHERE `SYS_ID` = 1 LIMIT 1   [ RunTime:0.0002s ]
SQL: SHOW COLUMNS FROM `ot_user` [ RunTime:0.0015s ]
SQL: SELECT * FROM `ot_user` WHERE `UE_account` = 'admin@qq.com' LIMIT 1   [ RunTime:0.0004s ]
SQL: SELECT * FROM `ot_user` WHERE `UE_account` = 'base64@qq.com' LIMIT 1   [ RunTime:0.0002s ]
NOTIC: [8] Undefined index: page_a /mnt/wwwroot/fuzhu.qysc.cc/User/Home/Controller/CommonController.class.php 第 128 行.
SQL: SHOW COLUMNS FROM `ot_tgbz` [ RunTime:0.0011s ]
SQL: SELECT SUM(jb) AS tp_sum FROM `ot_tgbz` WHERE `user` = 'admin@qq.com' AND `zt` IN (2,1) LIMIT 1   [ RunTime:0.0003s ]

